app/build/intermediates/manifest_merge_blame_file/debug/manifest-merger-blame-debug-report.txt
1<?xml version="1.0" encoding="utf-8"?>
2<manifest xmlns:android="http://schemas.android.com/apk/res/android"
3    package="id.rdev.catatanpenjualan"
4    android:versionCode="1"
5    android:versionName="1.0" >
6
7    <uses-sdk
8        android:minSdkVersion="22"
8-->src\main\AndroidManifest.xml
9        android:targetSdkVersion="28" />
9-->src\main\AndroidManifest.xml
10
11    <uses-permission android:name="android.permission.INTERNET" />
11-->src\main\AndroidManifest.xml:6:5-67
11-->src\main\AndroidManifest.xml:6:22-64
12
13    <application
13-->src\main\AndroidManifest.xml:8:5-40:19
14        android:allowBackup="false"
14-->src\main\AndroidManifest.xml:9:9-36
15        android:appComponentFactory="androidx.core.app.CoreComponentFactory"
15-->[androidx.core:core:1.1.0] AndroidManifest.xml:24:18-86
16        android:debuggable="true"
17        android:icon="@mipmap/ic_launcher"
17-->src\main\AndroidManifest.xml:10:9-43
18        android:label="@string/app_name"
18-->src\main\AndroidManifest.xml:11:9-41
19        android:roundIcon="@mipmap/ic_launcher_round"
19-->src\main\AndroidManifest.xml:12:9-54
20        android:supportsRtl="true"
20-->src\main\AndroidManifest.xml:13:9-35
21        android:testOnly="true"
22        android:theme="@style/AppTheme"
22-->src\main\AndroidManifest.xml:14:9-40
23        android:usesCleartextTraffic="true" >
23-->src\main\AndroidManifest.xml:15:9-44
24        <activity android:name="id.budy_18090050.catatanpenjualan.activity.report.ReportActivity" />
24-->src\main\AndroidManifest.xml:17:9-110
24-->src\main\AndroidManifest.xml:17:19-98
25        <activity android:name="id.budy_18090050.catatanpenjualan.activity.penjualan.PenjualanBarang" />
25-->src\main\AndroidManifest.xml:18:9-105
25-->src\main\AndroidManifest.xml:18:19-102
26        <activity android:name="id.budy_18090050.catatanpenjualan.activity.data_barang.DataBarangActivity" />
26-->src\main\AndroidManifest.xml:19:9-110
26-->src\main\AndroidManifest.xml:19:19-107
27        <activity android:name="id.budy_18090050.catatanpenjualan.activity.register.RegisterActivity" />
27-->src\main\AndroidManifest.xml:20:9-105
27-->src\main\AndroidManifest.xml:20:19-102
28        <activity android:name="id.budy_18090050.catatanpenjualan.activity.data_barang._add.AddBarangActivity" />
28-->src\main\AndroidManifest.xml:21:9-114
28-->src\main\AndroidManifest.xml:21:19-111
29        <activity android:name="id.budy_18090050.catatanpenjualan.activity.login.LoginActivity" >
29-->src\main\AndroidManifest.xml:22:9-29:20
29-->src\main\AndroidManifest.xml:22:19-96
30            <intent-filter>
30-->src\main\AndroidManifest.xml:23:13-28:29
31                <action android:name="android.intent.action.VIEW" />
31-->src\main\AndroidManifest.xml:24:17-69
31-->src\main\AndroidManifest.xml:24:25-66
32                <action android:name="android.intent.action.MAIN" />
32-->src\main\AndroidManifest.xml:25:17-69
32-->src\main\AndroidManifest.xml:25:25-66
33
34                <category android:name="android.intent.category.LAUNCHER" />
34-->src\main\AndroidManifest.xml:27:17-77
34-->src\main\AndroidManifest.xml:27:27-74
35            </intent-filter>
36        </activity>
37        <activity
37-->src\main\AndroidManifest.xml:30:9-38:20
38            android:name="id.budy_18090050.catatanpenjualan.activity._main.Splasschreen"
38-->src\main\AndroidManifest.xml:31:13-89
39            android:theme="@style/Theme.AppCompat.NoActionBar" >
39-->src\main\AndroidManifest.xml:32:13-63
40            <intent-filter>
40-->src\main\AndroidManifest.xml:33:13-37:29
41                <action android:name="android.intent.action.MAIN" />
41-->src\main\AndroidManifest.xml:25:17-69
41-->src\main\AndroidManifest.xml:25:25-66
42
43                <category android:name="android.intent.category.LAUNCHER" />
43-->src\main\AndroidManifest.xml:27:17-77
43-->src\main\AndroidManifest.xml:27:27-74
44            </intent-filter>
45        </activity>
46        <activity android:name="id.budy_18090050.catatanpenjualan.activity._main.MainActivity" />
46-->src\main\AndroidManifest.xml:39:9-98
46-->src\main\AndroidManifest.xml:39:19-95
47
48        <provider
48-->[androidx.lifecycle:lifecycle-process:2.1.0] AndroidManifest.xml:23:9-27:43
49            android:name="androidx.lifecycle.ProcessLifecycleOwnerInitializer"
49-->[androidx.lifecycle:lifecycle-process:2.1.0] AndroidManifest.xml:24:13-79
50            android:authorities="id.rdev.catatanpenjualan.lifecycle-process"
50-->[androidx.lifecycle:lifecycle-process:2.1.0] AndroidManifest.xml:25:13-69
51            android:exported="false"
51-->[androidx.lifecycle:lifecycle-process:2.1.0] AndroidManifest.xml:26:13-37
52            android:multiprocess="true" />
52-->[androidx.lifecycle:lifecycle-process:2.1.0] AndroidManifest.xml:27:13-40
53    </application>
54
55</manifest>